# JRE version: Java(TM) SE Runtime Environment (8.0_31-b13) (build 1.8.0_31-b13)
# Java VM: Java HotSpot(TM) 64-Bit Server VM (25.31-b07 mixed mode windows-amd64 compressed oops)
Heap:
 PSYoungGen      total 225792K, used 75688K [0x000000076c380000, 0x000000077be00000, 0x00000007c0000000)
  eden space 212480K, 29% used [0x000000076c380000,0x00000007700d3018,0x0000000779300000)
  from space 13312K, 96% used [0x000000077b100000,0x000000077bd97260,0x000000077be00000)
  to   space 19456K, 0% used [0x0000000779800000,0x0000000779800000,0x000000077ab00000)
 ParOldGen       total 244224K, used 27513K [0x00000006c4a00000, 0x00000006d3880000, 0x000000076c380000)
  object space 244224K, 11% used [0x00000006c4a00000,0x00000006c64de7d8,0x00000006d3880000)
 Metaspace       used 67326K, capacity 71330K, committed 71552K, reserved 1112064K
  class space    used 9127K, capacity 9767K, committed 9856K, reserved 1048576K
GC Heap History (10 events):
Event: 4.235 GC heap before
{Heap before GC invocations=9 (full 2):
 PSYoungGen      total 143872K, used 12221K [0x000000076c380000, 0x0000000779e80000, 0x00000007c0000000)
  eden space 126976K, 0% used [0x000000076c380000,0x000000076c380000,0x0000000773f80000)
  from space 16896K, 72% used [0x0000000773f80000,0x0000000774b6f400,0x0000000775000000)
  to   space 17408K, 0% used [0x0000000778d80000,0x0000000778d80000,0x0000000779e80000)
 ParOldGen       total 110080K, used 11550K [0x00000006c4a00000, 0x00000006cb580000, 0x000000076c380000)
  object space 110080K, 10% used [0x00000006c4a00000,0x00000006c55478a8,0x00000006cb580000)
 Metaspace       used 33160K, capacity 35342K, committed 35416K, reserved 1081344K
  class space    used 4248K, capacity 4599K, committed 4608K, reserved 1048576K
Event: 4.288 GC heap after
Heap after GC invocations=9 (full 2):
 PSYoungGen      total 143872K, used 0K [0x000000076c380000, 0x0000000779e80000, 0x00000007c0000000)
  eden space 126976K, 0% used [0x000000076c380000,0x000000076c380000,0x0000000773f80000)
  from space 16896K, 0% used [0x0000000773f80000,0x0000000773f80000,0x0000000775000000)
  to   space 17408K, 0% used [0x0000000778d80000,0x0000000778d80000,0x0000000779e80000)
 ParOldGen       total 169984K, used 16447K [0x00000006c4a00000, 0x00000006cf000000, 0x000000076c380000)
  object space 169984K, 9% used [0x00000006c4a00000,0x00000006c5a0fcb8,0x00000006cf000000)
 Metaspace       used 33160K, capacity 35342K, committed 35416K, reserved 1081344K
  class space    used 4248K, capacity 4599K, committed 4608K, reserved 1048576K
}
Event: 6.446 GC heap before
{Heap before GC invocations=10 (full 2):
 PSYoungGen      total 143872K, used 126976K [0x000000076c380000, 0x0000000779e80000, 0x00000007c0000000)
  eden space 126976K, 100% used [0x000000076c380000,0x0000000773f80000,0x0000000773f80000)
  from space 16896K, 0% used [0x0000000773f80000,0x0000000773f80000,0x0000000775000000)
  to   space 17408K, 0% used [0x0000000778d80000,0x0000000778d80000,0x0000000779e80000)
 ParOldGen       total 169984K, used 16447K [0x00000006c4a00000, 0x00000006cf000000, 0x000000076c380000)
  object space 169984K, 9% used [0x00000006c4a00000,0x00000006c5a0fcb8,0x00000006cf000000)
 Metaspace       used 48928K, capacity 51392K, committed 51840K, reserved 1093632K
  class space    used 6581K, capacity 6972K, committed 7040K, reserved 1048576K
Event: 6.456 GC heap after
Heap after GC invocations=10 (full 2):
 PSYoungGen      total 197632K, used 16717K [0x000000076c380000, 0x0000000779e00000, 0x00000007c0000000)
  eden space 180736K, 0% used [0x000000076c380000,0x000000076c380000,0x0000000777400000)
  from space 16896K, 98% used [0x0000000778d80000,0x0000000779dd37b8,0x0000000779e00000)
  to   space 19968K, 0% used [0x0000000777700000,0x0000000777700000,0x0000000778a80000)
 ParOldGen       total 169984K, used 16455K [0x00000006c4a00000, 0x00000006cf000000, 0x000000076c380000)
  object space 169984K, 9% used [0x00000006c4a00000,0x00000006c5a11cb8,0x00000006cf000000)
 Metaspace       used 48928K, capacity 51392K, committed 51840K, reserved 1093632K
  class space    used 6581K, capacity 6972K, committed 7040K, reserved 1048576K
}
Event: 7.543 GC heap before
{Heap before GC invocations=11 (full 2):
 PSYoungGen      total 197632K, used 100806K [0x000000076c380000, 0x0000000779e00000, 0x00000007c0000000)
  eden space 180736K, 46% used [0x000000076c380000,0x000000077159e348,0x0000000777400000)
  from space 16896K, 98% used [0x0000000778d80000,0x0000000779dd37b8,0x0000000779e00000)
  to   space 19968K, 0% used [0x0000000777700000,0x0000000777700000,0x0000000778a80000)
 ParOldGen       total 169984K, used 16455K [0x00000006c4a00000, 0x00000006cf000000, 0x000000076c380000)
  object space 169984K, 9% used [0x00000006c4a00000,0x00000006c5a11cb8,0x00000006cf000000)
 Metaspace       used 55744K, capacity 58944K, committed 59008K, reserved 1099776K
  class space    used 7509K, capacity 8000K, committed 8064K, reserved 1048576K
Event: 7.552 GC heap after
Heap after GC invocations=11 (full 2):
 PSYoungGen      total 203776K, used 12511K [0x000000076c380000, 0x000000077c400000, 0x00000007c0000000)
  eden space 183808K, 0% used [0x000000076c380000,0x000000076c380000,0x0000000777700000)
  from space 19968K, 62% used [0x0000000777700000,0x0000000778337ca8,0x0000000778a80000)
  to   space 19456K, 0% used [0x000000077b100000,0x000000077b100000,0x000000077c400000)
 ParOldGen       total 169984K, used 16463K [0x00000006c4a00000, 0x00000006cf000000, 0x000000076c380000)
  object space 169984K, 9% used [0x00000006c4a00000,0x00000006c5a13cb8,0x00000006cf000000)
 Metaspace       used 55744K, capacity 58944K, committed 59008K, reserved 1099776K
  class space    used 7509K, capacity 8000K, committed 8064K, reserved 1048576K
}
Event: 7.552 GC heap before
{Heap before GC invocations=12 (full 3):
 PSYoungGen      total 203776K, used 12511K [0x000000076c380000, 0x000000077c400000, 0x00000007c0000000)
  eden space 183808K, 0% used [0x000000076c380000,0x000000076c380000,0x0000000777700000)
  from space 19968K, 62% used [0x0000000777700000,0x0000000778337ca8,0x0000000778a80000)
  to   space 19456K, 0% used [0x000000077b100000,0x000000077b100000,0x000000077c400000)
 ParOldGen       total 169984K, used 16463K [0x00000006c4a00000, 0x00000006cf000000, 0x000000076c380000)
  object space 169984K, 9% used [0x00000006c4a00000,0x00000006c5a13cb8,0x00000006cf000000)
 Metaspace       used 55744K, capacity 58944K, committed 59008K, reserved 1099776K
  class space    used 7509K, capacity 8000K, committed 8064K, reserved 1048576K
Event: 7.697 GC heap after
Heap after GC invocations=12 (full 3):
 PSYoungGen      total 203776K, used 0K [0x000000076c380000, 0x000000077c400000, 0x00000007c0000000)
  eden space 183808K, 0% used [0x000000076c380000,0x000000076c380000,0x0000000777700000)
  from space 19968K, 0% used [0x0000000777700000,0x0000000777700000,0x0000000778a80000)
  to   space 19456K, 0% used [0x000000077b100000,0x000000077b100000,0x000000077c400000)
 ParOldGen       total 244224K, used 27505K [0x00000006c4a00000, 0x00000006d3880000, 0x000000076c380000)
  object space 244224K, 11% used [0x00000006c4a00000,0x00000006c64dc7d8,0x00000006d3880000)
 Metaspace       used 55744K, capacity 58944K, committed 59008K, reserved 1099776K
  class space    used 7509K, capacity 8000K, committed 8064K, reserved 1048576K
}
Event: 27.542 GC heap before
{Heap before GC invocations=13 (full 3):
 PSYoungGen      total 203776K, used 183808K [0x000000076c380000, 0x000000077c400000, 0x00000007c0000000)
  eden space 183808K, 100% used [0x000000076c380000,0x0000000777700000,0x0000000777700000)
  from space 19968K, 0% used [0x0000000777700000,0x0000000777700000,0x0000000778a80000)
  to   space 19456K, 0% used [0x000000077b100000,0x000000077b100000,0x000000077c400000)
 ParOldGen       total 244224K, used 27505K [0x00000006c4a00000, 0x00000006d3880000, 0x000000076c380000)
  object space 244224K, 11% used [0x00000006c4a00000,0x00000006c64dc7d8,0x00000006d3880000)
 Metaspace       used 64487K, capacity 68418K, committed 68608K, reserved 1107968K
  class space    used 8764K, capacity 9387K, committed 9472K, reserved 1048576K
Event: 27.554 GC heap after
Heap after GC invocations=13 (full 3):
 PSYoungGen      total 225792K, used 12892K [0x000000076c380000, 0x000000077be00000, 0x00000007c0000000)
  eden space 212480K, 0% used [0x000000076c380000,0x000000076c380000,0x0000000779300000)
  from space 13312K, 96% used [0x000000077b100000,0x000000077bd97260,0x000000077be00000)
  to   space 19456K, 0% used [0x0000000779800000,0x0000000779800000,0x000000077ab00000)
 ParOldGen       total 244224K, used 27513K [0x00000006c4a00000, 0x00000006d3880000, 0x000000076c380000)
  object space 244224K, 11% used [0x00000006c4a00000,0x00000006c64de7d8,0x00000006d3880000)
 Metaspace       used 64487K, capacity 68418K, committed 68608K, reserved 1107968K
  class space    used 8764K, capacity 9387K, committed 9472K, reserved 1048576K
}

